<?xml version="1.0" encoding="UTF-8"?>
<coverage generated="1681635449446" clover="3.2.0">
  <project timestamp="1681635449446" name="All files">
    <metrics statements="24" coveredstatements="24" conditionals="4" coveredconditionals="3" methods="7" coveredmethods="7" elements="35" coveredelements="34" complexity="0" loc="24" ncloc="24" packages="1" files="1" classes="1"/>
    <file name="todo.ts" path="D:/codeSpace/ricky/vitest-share/src/store/modules/todo.ts">
      <metrics statements="24" coveredstatements="24" conditionals="4" coveredconditionals="3" methods="7" coveredmethods="7"/>
      <line num="7" count="1" type="stmt"/>
      <line num="8" count="6" type="stmt"/>
      <line num="9" count="6" type="stmt"/>
      <line num="10" count="1" type="stmt"/>
      <line num="12" count="6" type="stmt"/>
      <line num="18" count="6" type="stmt"/>
      <line num="19" count="6" type="stmt"/>
      <line num="20" count="6" type="stmt"/>
      <line num="22" count="6" type="cond" truecount="1" falsecount="1"/>
      <line num="23" count="6" type="stmt"/>
      <line num="29" count="6" type="stmt"/>
      <line num="30" count="7" type="stmt"/>
      <line num="31" count="7" type="stmt"/>
      <line num="32" count="7" type="stmt"/>
      <line num="33" count="7" type="cond" truecount="2" falsecount="0"/>
      <line num="34" count="2" type="stmt"/>
      <line num="38" count="2" type="stmt"/>
      <line num="40" count="5" type="stmt"/>
      <line num="45" count="6" type="stmt"/>
      <line num="46" count="2" type="stmt"/>
      <line num="47" count="2" type="stmt"/>
      <line num="49" count="6" type="stmt"/>
      <line num="50" count="1" type="stmt"/>
      <line num="52" count="6" type="stmt"/>
    </file>
  </project>
</coverage>
